08:09:35 FractalsLine EURUSD,M1: loaded successfully
08:09:35 MACD+HistogramDiff+SignalDiff EURUSD,M1: loaded successfully
08:09:35 FractalsLine EURUSD,M1: initialized
08:09:35 MACD+HistogramDiff+SignalDiff EURUSD,M1: initialized
10:28:44 Compiling '038_UniversalSinglePositionTradingWithMoreStrategiesImplemented'
10:32:02 Compiling '038_UniversalSinglePositionTradingWithMoreStrategiesImplemented'
10:32:02 Compiling '038_UniversalSinglePositionTradingWithMoreStrategiesImplemented'
10:32:25 Compiling '038_UniversalSinglePositionTradingWithMoreStrategiesImplemented'
10:39:19 Compiling '038_UniversalSinglePositionTradingWithMoreStrategiesImplemented'
10:45:32 Compiling '038_UniversalSinglePositionTradingWithMoreStrategiesImplemented'
10:49:58 Compiling '038_UniversalSinglePositionTradingWithMoreStrategiesImplemented'
10:52:11 Compiling '038_UniversalSinglePositionTradingWithMoreStrategiesImplemented'
11:02:20 Compiling '038_UniversalSinglePositionTradingWithMoreStrategiesImplemented'
11:02:20 Compiling '038_UniversalSinglePositionTradingWithMoreStrategiesImplemented'
11:02:29 Compiling '038_UniversalSinglePositionTradingWithMoreStrategiesImplemented'
11:03:35 Compiling '038_UniversalSinglePositionTradingWithMoreStrategiesImplemented'
11:08:31 Compiling '038_UniversalSinglePositionTradingWithMoreStrategiesImplemented'
11:08:31 Compiling '038_UniversalSinglePositionTradingWithMoreStrategiesImplemented'
11:14:31 Compiling '038_UniversalSinglePositionTradingWithMoreStrategiesImplemented'
11:14:31 Compiling '038_UniversalSinglePositionTradingWithMoreStrategiesImplemented'
11:18:15 Compiling '038_UniversalSinglePositionTradingWithMoreStrategiesImplemented'
11:20:58 Compiling '038_UniversalSinglePositionTradingWithMoreStrategiesImplemented'
11:21:58 Compiling '038_UniversalSinglePositionTradingWithMoreStrategiesImplemented'
11:22:27 Compiling '038_UniversalSinglePositionTradingWithMoreStrategiesImplemented'
11:23:39 Compiling '038_UniversalSinglePositionTradingWithMoreStrategiesImplemented'
11:31:33 FractalsLine EURUSD,M1: deinitialized
11:31:33 FractalsLine EURUSD,M1: uninit reason 1
11:31:33 MACD+HistogramDiff+SignalDiff EURUSD,M1: uninit reason 1
11:31:33 FractalsLine EURUSD,M1: removed
11:31:33 MACD+HistogramDiff+SignalDiff EURUSD,M1: removed
12:49:03 FractalsLine EURUSD,M1: loaded successfully
12:49:03 MACD+HistogramDiff+SignalDiff EURUSD,M1: loaded successfully
12:49:03 FractalsLine EURUSD,M1: initialized
12:49:03 MACD+HistogramDiff+SignalDiff EURUSD,M1: initialized
12:52:50 Compiling '038_UniversalSinglePositionTradingWithMoreStrategiesImplemented'
12:53:50 Compiling '038_UniversalSinglePositionTradingWithMoreStrategiesImplemented'
12:54:19 Compiling '038_UniversalSinglePositionTradingWithMoreStrategiesImplemented'
12:55:20 Compiling '038_UniversalSinglePositionTradingWithMoreStrategiesImplemented'
12:56:18 Compiling '038_UniversalSinglePositionTradingWithMoreStrategiesImplemented'
12:58:29 Compiling '038_UniversalSinglePositionTradingWithMoreStrategiesImplemented'
12:59:20 Compiling '038_UniversalSinglePositionTradingWithMoreStrategiesImplemented'
13:00:30 Compiling '038_UniversalSinglePositionTradingWithMoreStrategiesImplemented'
13:01:26 Compiling '038_UniversalSinglePositionTradingWithMoreStrategiesImplemented'
13:02:18 Compiling '038_UniversalSinglePositionTradingWithMoreStrategiesImplemented'
13:03:44 Compiling '038_UniversalSinglePositionTradingWithMoreStrategiesImplemented'
13:06:40 Compiling '038_UniversalSinglePositionTradingWithMoreStrategiesImplemented'
13:16:10 Compiling '038_UniversalSinglePositionTradingWithMoreStrategiesImplemented'
13:16:10 Compiling '038_UniversalSinglePositionTradingWithMoreStrategiesImplemented'
13:18:22 Compiling '038_UniversalSinglePositionTradingWithMoreStrategiesImplemented'
13:18:22 Compiling '038_UniversalSinglePositionTradingWithMoreStrategiesImplemented'
13:20:19 Compiling '038_UniversalSinglePositionTradingWithMoreStrategiesImplemented'
13:20:19 Compiling '038_UniversalSinglePositionTradingWithMoreStrategiesImplemented'
13:21:47 Compiling '038_UniversalSinglePositionTradingWithMoreStrategiesImplemented'
13:22:41 Compiling '038_UniversalSinglePositionTradingWithMoreStrategiesImplemented'
13:24:12 Compiling '038_UniversalSinglePositionTradingWithMoreStrategiesImplemented'
13:24:12 Compiling '038_UniversalSinglePositionTradingWithMoreStrategiesImplemented'
13:43:53 Compiling '038_UniversalSinglePositionTradingWithMoreStrategiesImplemented'
13:44:42 Compiling '038_UniversalSinglePositionTradingWithMoreStrategiesImplemented'
13:51:39 Compiling '038_UniversalSinglePositionTradingWithMoreStrategiesImplemented'
13:54:17 Compiling '038_UniversalSinglePositionTradingWithMoreStrategiesImplemented'
13:56:13 Compiling '038_UniversalSinglePositionTradingWithMoreStrategiesImplemented'
13:57:09 Compiling '038_UniversalSinglePositionTradingWithMoreStrategiesImplemented'
14:07:38 Compiling '038_UniversalSinglePositionTradingWithMoreStrategiesImplemented'
14:07:38 Compiling '038_UniversalSinglePositionTradingWithMoreStrategiesImplemented'
14:09:33 Compiling '038_UniversalSinglePositionTradingWithMoreStrategiesImplemented'
14:15:38 Compiling '038_UniversalSinglePositionTradingWithMoreStrategiesImplemented'
14:15:38 Compiling '038_UniversalSinglePositionTradingWithMoreStrategiesImplemented'
14:16:13 Compiling '038_UniversalSinglePositionTradingWithMoreStrategiesImplemented'
14:16:13 Compiling '038_UniversalSinglePositionTradingWithMoreStrategiesImplemented'
14:16:33 Compiling '038_UniversalSinglePositionTradingWithMoreStrategiesImplemented'
14:16:47 Compiling '038_UniversalSinglePositionTradingWithMoreStrategiesImplemented'
14:17:16 Compiling '038_UniversalSinglePositionTradingWithMoreStrategiesImplemented'
14:18:40 Compiling '038_UniversalSinglePositionTradingWithMoreStrategiesImplemented'
14:20:09 Compiling '038_UniversalSinglePositionTradingWithMoreStrategiesImplemented'
14:20:09 Compiling '038_UniversalSinglePositionTradingWithMoreStrategiesImplemented'
14:21:48 Compiling '038_UniversalSinglePositionTradingWithMoreStrategiesImplemented'
14:25:40 Compiling '038_UniversalSinglePositionTradingWithMoreStrategiesImplemented'
14:26:43 Compiling '038_UniversalSinglePositionTradingWithMoreStrategiesImplemented'
14:27:30 Compiling '038_UniversalSinglePositionTradingWithMoreStrategiesImplemented'
14:43:41 Compiling '038_UniversalSinglePositionTradingWithMoreStrategiesImplemented'
14:47:48 Compiling '038_UniversalSinglePositionTradingWithMoreStrategiesImplemented'
14:50:24 FractalsLine EURUSD,M1: deinitialized
14:50:24 FractalsLine EURUSD,M1: uninit reason 1
14:50:24 MACD+HistogramDiff+SignalDiff EURUSD,M1: uninit reason 1
14:50:24 FractalsLine EURUSD,M1: removed
14:50:24 MACD+HistogramDiff+SignalDiff EURUSD,M1: removed
15:04:48 FractalsLine EURUSD,M1: loaded successfully
15:04:48 MACD+HistogramDiff+SignalDiff EURUSD,M1: loaded successfully
15:04:48 FractalsLine EURUSD,M1: initialized
15:04:48 MACD+HistogramDiff+SignalDiff EURUSD,M1: initialized
15:17:25 Compiling '038_UniversalSinglePositionTradingWithMoreStrategiesImplemented'
15:17:25 Compiling '038_UniversalSinglePositionTradingWithMoreStrategiesImplemented'
15:18:39 Compiling '038_UniversalSinglePositionTradingWithMoreStrategiesImplemented'
15:22:50 Compiling '038_UniversalSinglePositionTradingWithMoreStrategiesImplemented'
15:24:59 Compiling '038_UniversalSinglePositionTradingWithMoreStrategiesImplemented'
15:34:08 Compiling '038_UniversalSinglePositionTradingWithMoreStrategiesImplemented'
15:39:02 FractalsLine EURUSD,M1: deinitialized
15:39:02 FractalsLine EURUSD,M1: uninit reason 1
15:39:02 MACD+HistogramDiff+SignalDiff EURUSD,M1: uninit reason 1
15:39:02 FractalsLine EURUSD,M1: removed
15:39:02 MACD+HistogramDiff+SignalDiff EURUSD,M1: removed
