07:57:23 FractalsLine EURUSD,M1: loaded successfully
07:57:23 MACD+HistogramDiff+SignalDiff EURUSD,M1: loaded successfully
07:57:25 FractalsLine EURUSD,M1: initialized
07:57:25 MACD+HistogramDiff+SignalDiff EURUSD,M1: initialized
08:06:48 CLEAR_CHART_BY_NAME_AND_TYPE EURUSD,H4: loaded successfully
08:06:48 CLEAR_CHART_BY_NAME_AND_TYPE EURUSD,H4 inputs: delete_on_Partial_name=""; Vertical_line=false; Horisontal_line=false; Trend_line=false; Trendbyangle_line=false; Regression_chanel=false; _chanel=false; StdDev_chanel=false; Gann_line=false; GannFan=false; GannGrid=false; FIBO=false; FIBO_times=false; FIBO_fan=false; FIBO_arc=false; Expansion=false; FIBO_channel=false; Restangle=false; Triangle=false; Ellipse=false; PitchFork=false; Cycles=false; Text=false; Arrow=false; Label=false; 
08:06:48 CLEAR_CHART_BY_NAME_AND_TYPE EURUSD,H4: initialized
08:06:48 CLEAR_CHART_BY_NAME_AND_TYPE EURUSD,H4: uninit reason 0
08:06:48 CLEAR_CHART_BY_NAME_AND_TYPE EURUSD,H4: removed
08:08:31 FractalsLine EURUSD,M1: deinitialized
08:08:31 FractalsLine EURUSD,M1: uninit reason 1
08:08:31 MACD+HistogramDiff+SignalDiff EURUSD,M1: uninit reason 1
08:08:31 FractalsLine EURUSD,M1: removed
08:08:31 MACD+HistogramDiff+SignalDiff EURUSD,M1: removed
09:32:36 FractalsLine EURUSD,M1: loaded successfully
09:32:36 MACD+HistogramDiff+SignalDiff EURUSD,M1: loaded successfully
09:32:39 FractalsLine EURUSD,M1: initialized
09:32:39 MACD+HistogramDiff+SignalDiff EURUSD,M1: initialized
10:22:16 FractalsLine EURUSD,M1: deinitialized
10:22:16 FractalsLine EURUSD,M1: uninit reason 1
10:22:16 MACD+HistogramDiff+SignalDiff EURUSD,M1: uninit reason 1
10:22:16 FractalsLine EURUSD,M1: removed
10:22:16 MACD+HistogramDiff+SignalDiff EURUSD,M1: removed
10:22:27 FractalsLine EURUSD,M1: loaded successfully
10:22:27 MACD+HistogramDiff+SignalDiff EURUSD,M1: loaded successfully
10:22:27 FractalsLine EURUSD,M1: initialized
10:22:27 MACD+HistogramDiff+SignalDiff EURUSD,M1: initialized
11:36:25 FractalsLine EURUSD,M1: deinitialized
11:36:25 FractalsLine EURUSD,M1: uninit reason 1
11:36:25 MACD+HistogramDiff+SignalDiff EURUSD,M1: uninit reason 1
11:36:25 FractalsLine EURUSD,M1: removed
11:36:25 MACD+HistogramDiff+SignalDiff EURUSD,M1: removed
13:05:52 FractalsLine EURUSD,M1: loaded successfully
13:05:52 MACD+HistogramDiff+SignalDiff EURUSD,M1: loaded successfully
13:05:52 FractalsLine EURUSD,M1: initialized
13:05:52 MACD+HistogramDiff+SignalDiff EURUSD,M1: initialized
15:03:47 FractalsLine EURUSD,M1: deinitialized
15:03:47 FractalsLine EURUSD,M1: uninit reason 3
15:03:47 MACD+HistogramDiff+SignalDiff EURUSD,M1: uninit reason 3
15:03:47 FractalsLine EURUSD,M5: initialized
15:03:47 MACD+HistogramDiff+SignalDiff EURUSD,M5: initialized
15:03:47 FractalsLine EURUSD,M5: deinitialized
15:03:47 FractalsLine EURUSD,M5: uninit reason 3
15:03:47 MACD+HistogramDiff+SignalDiff EURUSD,M5: uninit reason 3
15:03:47 FractalsLine EURUSD,M15: initialized
15:03:47 MACD+HistogramDiff+SignalDiff EURUSD,M15: initialized
15:03:52 FractalsLine EURUSD,M15: deinitialized
15:03:52 FractalsLine EURUSD,M15: uninit reason 3
15:03:52 MACD+HistogramDiff+SignalDiff EURUSD,M15: uninit reason 3
15:03:52 FractalsLine EURUSD,M1: initialized
15:03:52 MACD+HistogramDiff+SignalDiff EURUSD,M1: initialized
15:09:07 FractalsLine EURUSD,M1: deinitialized
15:09:07 FractalsLine EURUSD,M1: uninit reason 1
15:09:07 MACD+HistogramDiff+SignalDiff EURUSD,M1: uninit reason 1
15:09:07 FractalsLine EURUSD,M1: removed
15:09:07 MACD+HistogramDiff+SignalDiff EURUSD,M1: removed
