09:54:24 FractalsLine EURUSD,M1: loaded successfully
09:54:24 MACD+HistogramDiff+SignalDiff EURUSD,M1: loaded successfully
09:54:25 FractalsLine EURUSD,M1: initialized
09:54:25 MACD+HistogramDiff+SignalDiff EURUSD,M1: initialized
10:00:59 Compiling '038_UniversalSinglePositionTradingWithMoreStrategiesImplemented'
10:01:39 Compiling '038_UniversalSinglePositionTradingWithMoreStrategiesImplemented'
10:02:41 Compiling '038_UniversalSinglePositionTradingWithMoreStrategiesImplemented'
10:04:12 Compiling '038_UniversalSinglePositionTradingWithMoreStrategiesImplemented'
10:14:47 Compiling '038_UniversalSinglePositionTradingWithMoreStrategiesImplemented'
10:20:45 Compiling '038_UniversalSinglePositionTradingWithMoreStrategiesImplemented'
10:37:45 Compiling '038_UniversalSinglePositionTradingWithMoreStrategiesImplemented'
10:38:04 Compiling '038_UniversalSinglePositionTradingWithMoreStrategiesImplemented'
10:38:04 Compiling '038_UniversalSinglePositionTradingWithMoreStrategiesImplemented'
10:40:49 Compiling '038_UniversalSinglePositionTradingWithMoreStrategiesImplemented'
10:41:03 Compiling '038_UniversalSinglePositionTradingWithMoreStrategiesImplemented'
10:41:03 Compiling '038_UniversalSinglePositionTradingWithMoreStrategiesImplemented'
10:42:59 Compiling '038_UniversalSinglePositionTradingWithMoreStrategiesImplemented'
10:43:53 Compiling '038_UniversalSinglePositionTradingWithMoreStrategiesImplemented'
10:44:01 Compiling '038_UniversalSinglePositionTradingWithMoreStrategiesImplemented'
10:45:21 Compiling '038_UniversalSinglePositionTradingWithMoreStrategiesImplemented'
10:49:47 Compiling '038_UniversalSinglePositionTradingWithMoreStrategiesImplemented'
10:50:22 Compiling '038_UniversalSinglePositionTradingWithMoreStrategiesImplemented'
10:51:40 Compiling '038_UniversalSinglePositionTradingWithMoreStrategiesImplemented'
10:51:40 Compiling '038_UniversalSinglePositionTradingWithMoreStrategiesImplemented'
10:54:01 Compiling '038_UniversalSinglePositionTradingWithMoreStrategiesImplemented'
10:56:30 Compiling '038_UniversalSinglePositionTradingWithMoreStrategiesImplemented'
10:56:30 Compiling '038_UniversalSinglePositionTradingWithMoreStrategiesImplemented'
10:57:22 Compiling '038_UniversalSinglePositionTradingWithMoreStrategiesImplemented'
11:02:20 Compiling '038_UniversalSinglePositionTradingWithMoreStrategiesImplemented'
11:09:30 Compiling '038_UniversalSinglePositionTradingWithMoreStrategiesImplemented'
11:10:44 Compiling '038_UniversalSinglePositionTradingWithMoreStrategiesImplemented'
11:11:43 Compiling '038_UniversalSinglePositionTradingWithMoreStrategiesImplemented'
11:12:50 Compiling '038_UniversalSinglePositionTradingWithMoreStrategiesImplemented'
11:13:53 Compiling '038_UniversalSinglePositionTradingWithMoreStrategiesImplemented'
11:14:53 Compiling '038_UniversalSinglePositionTradingWithMoreStrategiesImplemented'
11:15:59 Compiling '038_UniversalSinglePositionTradingWithMoreStrategiesImplemented'
11:17:04 Compiling '038_UniversalSinglePositionTradingWithMoreStrategiesImplemented'
11:18:29 Compiling '038_UniversalSinglePositionTradingWithMoreStrategiesImplemented'
11:27:02 FractalsLine EURUSD,M1: deinitialized
11:27:02 FractalsLine EURUSD,M1: uninit reason 1
11:27:02 MACD+HistogramDiff+SignalDiff EURUSD,M1: uninit reason 1
11:27:02 FractalsLine EURUSD,M1: removed
11:27:02 MACD+HistogramDiff+SignalDiff EURUSD,M1: removed
14:26:22 FractalsLine EURUSD,M1: loaded successfully
14:26:22 MACD+HistogramDiff+SignalDiff EURUSD,M1: loaded successfully
14:26:22 FractalsLine EURUSD,M1: initialized
14:26:22 MACD+HistogramDiff+SignalDiff EURUSD,M1: initialized
14:32:11 Compiling '038_UniversalSinglePositionTradingWithMoreStrategiesImplemented'
14:33:41 Compiling '038_UniversalSinglePositionTradingWithMoreStrategiesImplemented'
14:35:26 Compiling '038_UniversalSinglePositionTradingWithMoreStrategiesImplemented'
14:35:26 Compiling '038_UniversalSinglePositionTradingWithMoreStrategiesImplemented'
14:36:26 Compiling '038_UniversalSinglePositionTradingWithMoreStrategiesImplemented'
14:40:28 Compiling '038_UniversalSinglePositionTradingWithMoreStrategiesImplemented'
14:41:45 Compiling '038_UniversalSinglePositionTradingWithMoreStrategiesImplemented'
14:42:36 Compiling '038_UniversalSinglePositionTradingWithMoreStrategiesImplemented'
14:44:39 Compiling '038_UniversalSinglePositionTradingWithMoreStrategiesImplemented'
14:45:16 Compiling '038_UniversalSinglePositionTradingWithMoreStrategiesImplemented'
14:45:16 Compiling '038_UniversalSinglePositionTradingWithMoreStrategiesImplemented'
14:46:40 Compiling '038_UniversalSinglePositionTradingWithMoreStrategiesImplemented'
14:46:40 Compiling '038_UniversalSinglePositionTradingWithMoreStrategiesImplemented'
14:47:27 Compiling '038_UniversalSinglePositionTradingWithMoreStrategiesImplemented'
14:48:25 Compiling '038_UniversalSinglePositionTradingWithMoreStrategiesImplemented'
14:49:36 Compiling '038_UniversalSinglePositionTradingWithMoreStrategiesImplemented'
14:50:15 Compiling '038_UniversalSinglePositionTradingWithMoreStrategiesImplemented'
14:50:15 Compiling '038_UniversalSinglePositionTradingWithMoreStrategiesImplemented'
14:53:25 Compiling '038_UniversalSinglePositionTradingWithMoreStrategiesImplemented'
15:00:21 Compiling '038_UniversalSinglePositionTradingWithMoreStrategiesImplemented'
15:01:11 Compiling '038_UniversalSinglePositionTradingWithMoreStrategiesImplemented'
15:07:01 Compiling '038_UniversalSinglePositionTradingWithMoreStrategiesImplemented'
15:08:09 Compiling '038_UniversalSinglePositionTradingWithMoreStrategiesImplemented'
15:10:06 Compiling '038_UniversalSinglePositionTradingWithMoreStrategiesImplemented'
15:11:14 Compiling '038_UniversalSinglePositionTradingWithMoreStrategiesImplemented'
15:17:00 Compiling '038_UniversalSinglePositionTradingWithMoreStrategiesImplemented'
15:19:23 Compiling '038_UniversalSinglePositionTradingWithMoreStrategiesImplemented'
15:21:27 Compiling '038_UniversalSinglePositionTradingWithMoreStrategiesImplemented'
15:23:16 Compiling '038_UniversalSinglePositionTradingWithMoreStrategiesImplemented'
15:23:16 Compiling '038_UniversalSinglePositionTradingWithMoreStrategiesImplemented'
15:27:49 Compiling '038_UniversalSinglePositionTradingWithMoreStrategiesImplemented'
15:27:49 Compiling '038_UniversalSinglePositionTradingWithMoreStrategiesImplemented'
15:28:14 Compiling '038_UniversalSinglePositionTradingWithMoreStrategiesImplemented'
15:29:41 Compiling '038_UniversalSinglePositionTradingWithMoreStrategiesImplemented'
15:29:41 Compiling '038_UniversalSinglePositionTradingWithMoreStrategiesImplemented'
15:31:51 Compiling '038_UniversalSinglePositionTradingWithMoreStrategiesImplemented'
15:36:32 Compiling '038_UniversalSinglePositionTradingWithMoreStrategiesImplemented'
15:46:41 Compiling '038_UniversalSinglePositionTradingWithMoreStrategiesImplemented'
15:46:41 Compiling '038_UniversalSinglePositionTradingWithMoreStrategiesImplemented'
15:47:46 Compiling '038_UniversalSinglePositionTradingWithMoreStrategiesImplemented'
15:50:21 Compiling '038_UniversalSinglePositionTradingWithMoreStrategiesImplemented'
15:52:16 Compiling '038_UniversalSinglePositionTradingWithMoreStrategiesImplemented'
15:53:14 Compiling '038_UniversalSinglePositionTradingWithMoreStrategiesImplemented'
15:54:22 Compiling '038_UniversalSinglePositionTradingWithMoreStrategiesImplemented'
15:54:22 Compiling '038_UniversalSinglePositionTradingWithMoreStrategiesImplemented'
15:57:21 Compiling '038_UniversalSinglePositionTradingWithMoreStrategiesImplemented'
15:59:07 Compiling '038_UniversalSinglePositionTradingWithMoreStrategiesImplemented'
15:59:07 Compiling '038_UniversalSinglePositionTradingWithMoreStrategiesImplemented'
15:59:16 Compiling '038_UniversalSinglePositionTradingWithMoreStrategiesImplemented'
16:00:41 FractalsLine EURUSD,M1: deinitialized
16:00:41 FractalsLine EURUSD,M1: uninit reason 1
16:00:41 MACD+HistogramDiff+SignalDiff EURUSD,M1: uninit reason 1
16:00:41 FractalsLine EURUSD,M1: removed
16:00:41 MACD+HistogramDiff+SignalDiff EURUSD,M1: removed
